d:\git\lifeofgame-prot\consolelog\consolelog\debug\vc142.pdb
d:\git\lifeofgame-prot\consolelog\consolelog\debug\vc142.idb
d:\git\lifeofgame-prot\consolelog\consolelog\debug\pattern.obj
d:\git\lifeofgame-prot\consolelog\consolelog\debug\main.obj
d:\git\lifeofgame-prot\consolelog\consolelog\debug\gameoflife.obj
d:\git\lifeofgame-prot\consolelog\consolelog\debug\cellularautomata.obj
d:\git\lifeofgame-prot\consolelog\debug\consolelog.exe
d:\git\lifeofgame-prot\consolelog\debug\consolelog.ilk
d:\git\lifeofgame-prot\consolelog\debug\consolelog.pdb
c:\users\евгений\desktop\программы\lifeofgame-prot\consolelog\consolelog\debug\gameoflife.obj
c:\users\евгений\desktop\программы\lifeofgame-prot\consolelog\consolelog\debug\main.obj
c:\users\евгений\desktop\программы\lifeofgame-prot\consolelog\consolelog\debug\pattern.obj
c:\users\евгений\desktop\программы\lifeofgame-prot\consolelog\consolelog\debug\vc141.idb
c:\users\евгений\desktop\программы\lifeofgame-prot\consolelog\consolelog\debug\vc142.idb
c:\users\евгений\desktop\программы\lifeofgame-prot\consolelog\consolelog\debug\vc141.pdb
c:\users\евгений\desktop\программы\lifeofgame-prot\consolelog\consolelog\debug\vc142.pdb
c:\users\евгений\desktop\программы\lifeofgame-prot\consolelog\debug\consolelog.pdb
c:\users\евгений\desktop\программы\lifeofgame-prot\consolelog\debug\consolelog.exe
c:\users\евгений\desktop\программы\lifeofgame-prot\consolelog\debug\consolelog.ilk
c:\users\евгений\desktop\программы\lifeofgame-prot\consolelog\consolelog\debug\consolelog.tlog\cl.command.1.tlog
c:\users\евгений\desktop\программы\lifeofgame-prot\consolelog\consolelog\debug\consolelog.tlog\cl.read.1.tlog
c:\users\евгений\desktop\программы\lifeofgame-prot\consolelog\consolelog\debug\consolelog.tlog\cl.write.1.tlog
c:\users\евгений\desktop\программы\lifeofgame-prot\consolelog\consolelog\debug\consolelog.tlog\link.command.1.tlog
c:\users\евгений\desktop\программы\lifeofgame-prot\consolelog\consolelog\debug\consolelog.tlog\link.read.1.tlog
c:\users\евгений\desktop\программы\lifeofgame-prot\consolelog\consolelog\debug\consolelog.tlog\link.write.1.tlog
